<?xml version="1.0" encoding="UTF-8"?>
<testsuite xmlns:xsi="http://www.w3.org/2001/XMLSchema-instance" xsi:noNamespaceSchemaLocation="https://maven.apache.org/surefire/maven-surefire-plugin/xsd/surefire-test-report-3.0.xsd" version="3.0" name="org.example.backend.BackEndApplicationTests" time="9.998" tests="1" errors="0" skipped="0" failures="0">
  <properties>
[...]
</properties>
  <testcase name="contextLoads" classname="org.example.backend.BackEndApplicationTests" time="0.651">
    <system-out><![CDATA[23:56:58.245 [main] INFO org.springframework.test.context.support.AnnotationConfigContextLoaderUtils -- Could not detect default configuration classes for test class [org.example.backend.BackEndApplicationTests]: BackEndApplicationTests does not declare any static, non-private, non-final, nested classes annotated with @Configuration.
23:56:58.393 [main] INFO org.springframework.boot.test.context.SpringBootTestContextBootstrapper -- Found @SpringBootConfiguration org.example.backend.BackEndApplication for test class org.example.backend.BackEndApplicationTests
23:56:58.587 [main] INFO org.springframework.boot.devtools.restart.RestartApplicationListener -- Restart disabled due to context in which it is running

  .   ____          _            __ _ _
 /\\ / ___'_ __ _ _(_)_ __  __ _ \ \ \ \
( ( )\___ | '_ | '_| | '_ \/ _` | \ \ \ \
 \\/  ___)| |_)| | | | | || (_| |  ) ) ) )
  '  |____| .__|_| |_|_| |_\__, | / / / /
 =========|_|==============|___/=/_/_/_/
 :: Spring Boot ::                (v3.2.3)

2024-05-19T23:56:58.851+02:00  INFO 29632 --- [           main] o.e.backend.BackEndApplicationTests      : Starting BackEndApplicationTests using Java 17.0.4.1 with PID 29632 (started by maria in D:\thesis_check\back-end)
2024-05-19T23:56:58.853+02:00  INFO 29632 --- [           main] o.e.backend.BackEndApplicationTests      : No active profile set, falling back to 1 default profile: "default"
2024-05-19T23:57:00.025+02:00  INFO 29632 --- [           main] .s.d.r.c.RepositoryConfigurationDelegate : Multiple Spring Data modules found, entering strict repository configuration mode
2024-05-19T23:57:00.028+02:00  INFO 29632 --- [           main] .s.d.r.c.RepositoryConfigurationDelegate : Bootstrapping Spring Data JDBC repositories in DEFAULT mode.
2024-05-19T23:57:00.145+02:00  INFO 29632 --- [           main] .RepositoryConfigurationExtensionSupport : Spring Data JDBC - Could not safely identify store assignment for repository candidate interface org.example.backend.repo.AppointmentRepo; If you want this repository to be a JDBC repository, consider annotating your entities with one of these annotations: org.springframework.data.relational.core.mapping.Table.
2024-05-19T23:57:00.151+02:00  INFO 29632 --- [           main] .RepositoryConfigurationExtensionSupport : Spring Data JDBC - Could not safely identify store assignment for repository candidate interface org.example.backend.repo.DepartmentRepo; If you want this repository to be a JDBC repository, consider annotating your entities with one of these annotations: org.springframework.data.relational.core.mapping.Table.
2024-05-19T23:57:00.152+02:00  INFO 29632 --- [           main] .RepositoryConfigurationExtensionSupport : Spring Data JDBC - Could not safely identify store assignment for repository candidate interface org.example.backend.repo.DoctorRepo; If you want this repository to be a JDBC repository, consider annotating your entities with one of these annotations: org.springframework.data.relational.core.mapping.Table.
2024-05-19T23:57:00.153+02:00  INFO 29632 --- [           main] .RepositoryConfigurationExtensionSupport : Spring Data JDBC - Could not safely identify store assignment for repository candidate interface org.example.backend.repo.GenderRepo; If you want this repository to be a JDBC repository, consider annotating your entities with one of these annotations: org.springframework.data.relational.core.mapping.Table.
2024-05-19T23:57:00.156+02:00  INFO 29632 --- [           main] .RepositoryConfigurationExtensionSupport : Spring Data JDBC - Could not safely identify store assignment for repository candidate interface org.example.backend.repo.PatientRepo; If you want this repository to be a JDBC repository, consider annotating your entities with one of these annotations: org.springframework.data.relational.core.mapping.Table.
2024-05-19T23:57:00.158+02:00  INFO 29632 --- [           main] .RepositoryConfigurationExtensionSupport : Spring Data JDBC - Could not safely identify store assignment for repository candidate interface org.example.backend.repo.RoleRepository; If you want this repository to be a JDBC repository, consider annotating your entities with one of these annotations: org.springframework.data.relational.core.mapping.Table.
2024-05-19T23:57:00.159+02:00  INFO 29632 --- [           main] .RepositoryConfigurationExtensionSupport : Spring Data JDBC - Could not safely identify store assignment for repository candidate interface org.example.backend.repo.UserRepo; If you want this repository to be a JDBC repository, consider annotating your entities with one of these annotations: org.springframework.data.relational.core.mapping.Table.
2024-05-19T23:57:00.160+02:00  INFO 29632 --- [           main] .s.d.r.c.RepositoryConfigurationDelegate : Finished Spring Data repository scanning in 125 ms. Found 0 JDBC repository interfaces.
2024-05-19T23:57:00.186+02:00  INFO 29632 --- [           main] .s.d.r.c.RepositoryConfigurationDelegate : Multiple Spring Data modules found, entering strict repository configuration mode
2024-05-19T23:57:00.188+02:00  INFO 29632 --- [           main] .s.d.r.c.RepositoryConfigurationDelegate : Bootstrapping Spring Data JPA repositories in DEFAULT mode.
2024-05-19T23:57:00.359+02:00  INFO 29632 --- [           main] .s.d.r.c.RepositoryConfigurationDelegate : Finished Spring Data repository scanning in 160 ms. Found 7 JPA repository interfaces.
2024-05-19T23:57:01.177+02:00  INFO 29632 --- [           main] com.zaxxer.hikari.HikariDataSource       : HikariPool-1 - Starting...
2024-05-19T23:57:01.636+02:00  INFO 29632 --- [           main] com.zaxxer.hikari.pool.HikariPool        : HikariPool-1 - Added connection org.postgresql.jdbc.PgConnection@7d2c345d
2024-05-19T23:57:01.638+02:00  INFO 29632 --- [           main] com.zaxxer.hikari.HikariDataSource       : HikariPool-1 - Start completed.
2024-05-19T23:57:01.819+02:00  INFO 29632 --- [           main] o.f.c.internal.license.VersionPrinter    : Flyway Community Edition 9.22.3 by Redgate
2024-05-19T23:57:01.819+02:00  INFO 29632 --- [           main] o.f.c.internal.license.VersionPrinter    : See release notes here: https://rd.gt/416ObMi
2024-05-19T23:57:01.819+02:00  INFO 29632 --- [           main] o.f.c.internal.license.VersionPrinter    : 
2024-05-19T23:57:01.847+02:00  INFO 29632 --- [           main] org.flywaydb.core.FlywayExecutor         : Database: jdbc:postgresql://localhost:5432/healthcare (PostgreSQL 16.2)
2024-05-19T23:57:01.860+02:00  WARN 29632 --- [           main] o.f.c.internal.database.base.Database    : Flyway upgrade recommended: PostgreSQL 16.2 is newer than this version of Flyway and support has not been tested. The latest supported version of PostgreSQL is 15.
2024-05-19T23:57:01.929+02:00  INFO 29632 --- [           main] o.f.core.internal.command.DbValidate     : Successfully validated 4 migrations (execution time 00:00.048s)
2024-05-19T23:57:02.054+02:00  INFO 29632 --- [           main] o.f.core.internal.command.DbMigrate      : Current version of schema "public": 1.4
2024-05-19T23:57:02.066+02:00  INFO 29632 --- [           main] o.f.core.internal.command.DbMigrate      : Schema "public" is up to date. No migration necessary.
2024-05-19T23:57:02.299+02:00  INFO 29632 --- [           main] o.hibernate.jpa.internal.util.LogHelper  : HHH000204: Processing PersistenceUnitInfo [name: default]
2024-05-19T23:57:02.382+02:00  INFO 29632 --- [           main] org.hibernate.Version                    : HHH000412: Hibernate ORM core version 6.4.4.Final
2024-05-19T23:57:02.452+02:00  INFO 29632 --- [           main] o.h.c.internal.RegionFactoryInitiator    : HHH000026: Second-level cache disabled
2024-05-19T23:57:02.737+02:00  INFO 29632 --- [           main] o.s.o.j.p.SpringPersistenceUnitInfo      : No LoadTimeWeaver setup: ignoring JPA class transformer
2024-05-19T23:57:04.174+02:00  INFO 29632 --- [           main] o.h.e.t.j.p.i.JtaPlatformInitiator       : HHH000489: No JTA platform available (set 'hibernate.transaction.jta.platform' to enable JTA platform integration)
2024-05-19T23:57:04.192+02:00  INFO 29632 --- [           main] org.hibernate.orm.connections.access     : HHH10001501: Connection obtained from JdbcConnectionAccess [org.hibernate.engine.jdbc.env.internal.JdbcEnvironmentInitiator$ConnectionProviderJdbcConnectionAccess@2e488e45] for (non-JTA) DDL execution was not in auto-commit mode; the Connection 'local transaction' will be committed and the Connection will be set into auto-commit mode.
2024-05-19T23:57:04.313+02:00  INFO 29632 --- [           main] j.LocalContainerEntityManagerFactoryBean : Initialized JPA EntityManagerFactory for persistence unit 'default'
Loading existing keys.
891
public key :BswabePub{g=3665963733254392258992877108421373209105413329343311945794325844014997992907626631532506280266581259026017621102383726155813946878794878613365751766166073,4110659171713209753453764016782689388660688846062309705077928089943218418557434791879297567544124598783855964434054651243540985485413570028202838108799962,0, h=191613401533797798454407626698420022268164117366041013176891647994621409483412950779785120948073269675609353424846659865480535260867864470949262568507616,6595506775475232519140335504378193057220540130022516554186993042358150623838903763764454867331764846277581631162153421135509954338813538309715354686315784,0, pairingDesc='type a
q 8780710799663312522437781984754049815806883199414208211028653399266475630880222957078625179422662221423155858769582317459277713367317481324925129998224791
h 12016012264891146079388821366740534204802954401251311822919615131047207289359704531102844802183906537786776
r 730750818665451621361119245571504901405976559617
exp2 159
exp1 107
sign1 1
sign0 1
'}
156
master key :BswabeMsk{beta=410297118382538465127370913159004828415797772834, g_alpha=5618206734403032002491586662289023989743337422663214501233862264926568180795706040682652275291304907994367502288798128831390877479571262131736814518256749,1229862818813880955421708330452823411266352806278333589392964071307064953828566966940962771613213763471009356289110974572622205145439115761803429955334687,0}
2024-05-19T23:57:05.384+02:00  INFO 29632 --- [           main] o.s.d.j.r.query.QueryEnhancerFactory     : JSqlParser is in classpath; If applicable, JSqlParser will be used
2024-05-19T23:57:05.395+02:00  INFO 29632 --- [           main] o.s.d.j.r.query.QueryEnhancerFactory     : Hibernate is in classpath; If applicable, HQL parser will be used.
2024-05-19T23:57:06.172+02:00  WARN 29632 --- [           main] JpaBaseConfiguration$JpaWebConfiguration : spring.jpa.open-in-view is enabled by default. Therefore, database queries may be performed during view rendering. Explicitly configure spring.jpa.open-in-view to disable this warning
2024-05-19T23:57:06.624+02:00  INFO 29632 --- [           main] o.s.s.web.DefaultSecurityFilterChain     : Will secure any request with [org.springframework.security.web.session.DisableEncodeUrlFilter@3818609f, org.springframework.security.web.context.request.async.WebAsyncManagerIntegrationFilter@5ae3f536, org.springframework.security.web.context.SecurityContextHolderFilter@6e1bd2b, org.springframework.security.web.header.HeaderWriterFilter@635f4be1, org.springframework.web.filter.CorsFilter@2b3cbc2c, org.springframework.security.web.authentication.logout.LogoutFilter@154ea177, org.example.backend.secuirty.JwtRequestFilter@2d9cc10, org.springframework.security.web.savedrequest.RequestCacheAwareFilter@54d3b4fe, org.springframework.security.web.servletapi.SecurityContextHolderAwareRequestFilter@52364a6e, org.springframework.security.web.authentication.AnonymousAuthenticationFilter@4eb34397, org.springframework.security.web.session.SessionManagementFilter@6a9e88f1, org.springframework.security.web.access.ExceptionTranslationFilter@5967492a, org.springframework.security.web.access.intercept.AuthorizationFilter@66008321]
2024-05-19T23:57:07.025+02:00  WARN 29632 --- [           main] ion$DefaultTemplateResolverConfiguration : Cannot find template location: classpath:/templates/ (please add some templates, check your Thymeleaf configuration, or set spring.thymeleaf.check-template-location=false)
2024-05-19T23:57:07.403+02:00  INFO 29632 --- [           main] o.e.backend.BackEndApplicationTests      : Started BackEndApplicationTests in 8.839 seconds (process running for 10.416)
]]></system-out>
  </testcase>
</testsuite>